<?xml version="1.0" encoding="UTF-8" ?>
<testsuite failures="0" time="10.431" errors="0" skipped="0" tests="1" name="example1.afw.jobflow.WordCountJobFlowTest">
  <properties>
    <property name="java.runtime.name" value="Java(TM) SE Runtime Environment"/>
    <property name="sun.boot.library.path" value="/usr/java/jdk1.6.0_27/jre/lib/amd64"/>
    <property name="java.vm.version" value="20.2-b06"/>
    <property name="java.vm.vendor" value="Sun Microsystems Inc."/>
    <property name="java.vendor.url" value="http://java.sun.com/"/>
    <property name="path.separator" value=":"/>
    <property name="java.vm.name" value="Java HotSpot(TM) 64-Bit Server VM"/>
    <property name="file.encoding.pkg" value="sun.io"/>
    <property name="user.country" value="JP"/>
    <property name="sun.java.launcher" value="SUN_STANDARD"/>
    <property name="sun.os.patch.level" value="unknown"/>
    <property name="java.vm.specification.name" value="Java Virtual Machine Specification"/>
    <property name="user.dir" value="/home/asakusa/ws_hadoop1/afw-wordcount"/>
    <property name="java.runtime.version" value="1.6.0_27-b07"/>
    <property name="java.awt.graphicsenv" value="sun.awt.X11GraphicsEnvironment"/>
    <property name="basedir" value="/home/asakusa/ws_hadoop1/afw-wordcount"/>
    <property name="java.endorsed.dirs" value="/usr/java/jdk1.6.0_27/jre/lib/endorsed"/>
    <property name="os.arch" value="amd64"/>
    <property name="surefire.real.class.path" value="/home/asakusa/ws_hadoop1/afw-wordcount/target/surefire/surefirebooter114942616199668543.jar"/>
    <property name="java.io.tmpdir" value="/tmp"/>
    <property name="line.separator" value="
"/>
    <property name="java.vm.specification.vendor" value="Sun Microsystems Inc."/>
    <property name="os.name" value="Linux"/>
    <property name="sun.jnu.encoding" value="UTF-8"/>
    <property name="java.library.path" value="/usr/java/jdk1.6.0_27/jre/lib/amd64/server:/usr/java/jdk1.6.0_27/jre/lib/amd64:/usr/java/jdk1.6.0_27/jre/../lib/amd64:/usr/java/packages/lib/amd64:/usr/lib64:/lib64:/lib:/usr/lib"/>
    <property name="surefire.test.class.path" value="/home/asakusa/ws_hadoop1/afw-wordcount/target/test-classes:/home/asakusa/ws_hadoop1/afw-wordcount/target/classes:/home/asakusa/.m2/repository/org/apache/hadoop/hadoop-core/0.20.2-cdh3u2/hadoop-core-0.20.2-cdh3u2.jar:/home/asakusa/.m2/repository/commons-cli/commons-cli/1.2/commons-cli-1.2.jar:/home/asakusa/.m2/repository/xmlenc/xmlenc/0.52/xmlenc-0.52.jar:/home/asakusa/.m2/repository/commons-httpclient/commons-httpclient/3.1/commons-httpclient-3.1.jar:/home/asakusa/.m2/repository/commons-codec/commons-codec/1.4/commons-codec-1.4.jar:/home/asakusa/.m2/repository/commons-net/commons-net/1.4.1/commons-net-1.4.1.jar:/home/asakusa/.m2/repository/org/mortbay/jetty/jetty/6.1.26/jetty-6.1.26.jar:/home/asakusa/.m2/repository/org/mortbay/jetty/servlet-api/2.5-20081211/servlet-api-2.5-20081211.jar:/home/asakusa/.m2/repository/org/mortbay/jetty/jetty-util/6.1.26/jetty-util-6.1.26.jar:/home/asakusa/.m2/repository/tomcat/jasper-runtime/5.5.23/jasper-runtime-5.5.23.jar:/home/asakusa/.m2/repository/tomcat/jasper-compiler/5.5.23/jasper-compiler-5.5.23.jar:/home/asakusa/.m2/repository/javax/servlet/jsp-api/2.0/jsp-api-2.0.jar:/home/asakusa/.m2/repository/ant/ant/1.6.5/ant-1.6.5.jar:/home/asakusa/.m2/repository/org/codehaus/jackson/jackson-core-asl/1.5.2/jackson-core-asl-1.5.2.jar:/home/asakusa/.m2/repository/org/codehaus/jackson/jackson-mapper-asl/1.5.2/jackson-mapper-asl-1.5.2.jar:/home/asakusa/.m2/repository/javax/servlet/jsp/jsp-api/2.1/jsp-api-2.1.jar:/home/asakusa/.m2/repository/commons-el/commons-el/1.0/commons-el-1.0.jar:/home/asakusa/.m2/repository/net/java/dev/jets3t/jets3t/0.6.1/jets3t-0.6.1.jar:/home/asakusa/.m2/repository/javax/servlet/servlet-api/2.5/servlet-api-2.5.jar:/home/asakusa/.m2/repository/hsqldb/hsqldb/1.8.0.7/hsqldb-1.8.0.7.jar:/home/asakusa/.m2/repository/oro/oro/2.0.8/oro-2.0.8.jar:/home/asakusa/.m2/repository/org/eclipse/jdt/core/3.1.1/core-3.1.1.jar:/home/asakusa/.m2/repository/com/asakusafw/asakusa-dsl-vocabulary/0.2.3/asakusa-dsl-vocabulary-0.2.3.jar:/home/asakusa/.m2/repository/com/asakusafw/asakusa-runtime/0.2.3/asakusa-runtime-0.2.3.jar:/home/asakusa/.m2/repository/com/asakusafw/ashigel-compiler/0.2.3/ashigel-compiler-0.2.3.jar:/home/asakusa/.m2/repository/com/ashigeru/util/collection/0.1.0/collection-0.1.0.jar:/home/asakusa/.m2/repository/com/ashigeru/util/simple-graph/0.1.0/simple-graph-0.1.0.jar:/home/asakusa/.m2/repository/com/ashigeru/lang/java/jsr269-bridge/0.1.0/jsr269-bridge-0.1.0.jar:/home/asakusa/.m2/repository/com/ashigeru/lang/java/java-dom/0.1.0/java-dom-0.1.0.jar:/home/asakusa/.m2/repository/com/ashigeru/lang/java/javadoc-parser/0.1.0/javadoc-parser-0.1.0.jar:/home/asakusa/.m2/repository/org/slf4j/slf4j-api/1.6.1/slf4j-api-1.6.1.jar:/home/asakusa/.m2/repository/com/asakusafw/asakusa-test-driver/0.2.3/asakusa-test-driver-0.2.3.jar:/home/asakusa/.m2/repository/com/asakusafw/asakusa-test-tools/0.2.3/asakusa-test-tools-0.2.3.jar:/home/asakusa/.m2/repository/com/asakusafw/asakusa-thundergate-dmdl/0.2.3/asakusa-thundergate-dmdl-0.2.3.jar:/home/asakusa/.m2/repository/com/asakusafw/asakusa-dmdl-java/0.2.3/asakusa-dmdl-java-0.2.3.jar:/home/asakusa/.m2/repository/com/asakusafw/asakusa-test-moderator/0.2.3/asakusa-test-moderator-0.2.3.jar:/home/asakusa/.m2/repository/com/asakusafw/asakusa-test-data-provider/0.2.3/asakusa-test-data-provider-0.2.3.jar:/home/asakusa/.m2/repository/com/google/code/gson/gson/1.7.1/gson-1.7.1.jar:/home/asakusa/.m2/repository/commons-io/commons-io/2.0.1/commons-io-2.0.1.jar:/home/asakusa/.m2/repository/com/asakusafw/ashigel-compiler-bootstrap/0.2.3/ashigel-compiler-bootstrap-0.2.3.jar:/home/asakusa/.m2/repository/com/asakusafw/asakusa-model-generator/0.2.3/asakusa-model-generator-0.2.3.jar:/home/asakusa/.m2/repository/com/ashigeru/lang/java/jsr199-testing/0.1.0/jsr199-testing-0.1.0.jar:/home/asakusa/.m2/repository/com/asakusafw/asakusa-thundergate-vocabulary/0.2.3/asakusa-thundergate-vocabulary-0.2.3.jar:/home/asakusa/.m2/repository/com/asakusafw/asakusa-thundergate-runtime/0.2.3/asakusa-thundergate-runtime-0.2.3.jar:/home/asakusa/.m2/repository/com/asakusafw/asakusa-thundergate-plugin/0.2.3/asakusa-thundergate-plugin-0.2.3.jar:/home/asakusa/.m2/repository/com/asakusafw/asakusa-distribution/0.2.3/asakusa-distribution-0.2.3-dev-exclude-lib.jar:/home/asakusa/.m2/repository/com/asakusafw/asakusa-windgate-bootstrap/0.2.3/asakusa-windgate-bootstrap-0.2.3.jar:/home/asakusa/.m2/repository/com/asakusafw/asakusa-windgate-core/0.2.3/asakusa-windgate-core-0.2.3.jar:/home/asakusa/.m2/repository/com/asakusafw/asakusa-windgate-hadoopfs/0.2.3/asakusa-windgate-hadoopfs-0.2.3.jar:/home/asakusa/.m2/repository/com/jcraft/jsch/0.1.44-1/jsch-0.1.44-1.jar:/home/asakusa/.m2/repository/com/asakusafw/asakusa-windgate-jdbc/0.2.3/asakusa-windgate-jdbc-0.2.3.jar:/home/asakusa/.m2/repository/com/asakusafw/asakusa-yaess-bootstrap/0.2.3/asakusa-yaess-bootstrap-0.2.3.jar:/home/asakusa/.m2/repository/com/asakusafw/asakusa-yaess-core/0.2.3/asakusa-yaess-core-0.2.3.jar:/home/asakusa/.m2/repository/com/asakusafw/asakusa-yaess-jsch/0.2.3/asakusa-yaess-jsch-0.2.3.jar:/home/asakusa/.m2/repository/com/asakusafw/asakusa-yaess-paralleljob/0.2.3/asakusa-yaess-paralleljob-0.2.3.jar:/home/asakusa/.m2/repository/com/asakusafw/asakusa-yaess-tools/0.2.3/asakusa-yaess-tools-0.2.3.jar:/home/asakusa/.m2/repository/com/asakusafw/asakusa-cleaner/0.2.3/asakusa-cleaner-0.2.3.jar:/home/asakusa/.m2/repository/commons-lang/commons-lang/2.6/commons-lang-2.6.jar:/home/asakusa/.m2/repository/log4j/log4j/1.2.15/log4j-1.2.15.jar:/home/asakusa/.m2/repository/javax/mail/mail/1.4/mail-1.4.jar:/home/asakusa/.m2/repository/javax/activation/activation/1.1/activation-1.1.jar:/home/asakusa/.m2/repository/com/asakusafw/asakusa-thundergate/0.2.3/asakusa-thundergate-0.2.3.jar:/home/asakusa/.m2/repository/com/asakusafw/asakusa-thundergate-test-moderator/0.2.3/asakusa-thundergate-test-moderator-0.2.3.jar:/home/asakusa/.m2/repository/com/asakusafw/asakusa-test-data-generator/0.2.3/asakusa-test-data-generator-0.2.3.jar:/home/asakusa/.m2/repository/com/asakusafw/asakusa-dmdl-core/0.2.3/asakusa-dmdl-core-0.2.3.jar:/home/asakusa/.m2/repository/org/apache/poi/poi/3.6/poi-3.6.jar:/home/asakusa/.m2/repository/com/asakusafw/asakusa-yaess-plugin/0.2.3/asakusa-yaess-plugin-0.2.3.jar:/home/asakusa/.m2/repository/mysql/mysql-connector-java/5.1.16/mysql-connector-java-5.1.16.jar:/home/asakusa/.m2/repository/ch/qos/logback/logback-classic/0.9.28/logback-classic-0.9.28.jar:/home/asakusa/.m2/repository/ch/qos/logback/logback-core/0.9.28/logback-core-0.9.28.jar:/home/asakusa/.m2/repository/commons-logging/commons-logging/1.0.4/commons-logging-1.0.4.jar:/home/asakusa/.m2/repository/org/hamcrest/hamcrest-library/1.1/hamcrest-library-1.1.jar:/home/asakusa/.m2/repository/org/hamcrest/hamcrest-core/1.1/hamcrest-core-1.1.jar:/home/asakusa/.m2/repository/junit/junit-dep/4.8.2/junit-dep-4.8.2.jar:"/>
    <property name="java.specification.name" value="Java Platform API Specification"/>
    <property name="java.class.version" value="50.0"/>
    <property name="sun.management.compiler" value="HotSpot 64-Bit Tiered Compilers"/>
    <property name="os.version" value="2.6.18-274.12.1.el5"/>
    <property name="user.home" value="/home/asakusa"/>
    <property name="user.timezone" value="Asia/Tokyo"/>
    <property name="java.awt.printerjob" value="sun.print.PSPrinterJob"/>
    <property name="file.encoding" value="UTF-8"/>
    <property name="java.specification.version" value="1.6"/>
    <property name="user.name" value="asakusa"/>
    <property name="java.class.path" value="/home/asakusa/ws_hadoop1/afw-wordcount/target/test-classes:/home/asakusa/ws_hadoop1/afw-wordcount/target/classes:/home/asakusa/.m2/repository/org/apache/hadoop/hadoop-core/0.20.2-cdh3u2/hadoop-core-0.20.2-cdh3u2.jar:/home/asakusa/.m2/repository/commons-cli/commons-cli/1.2/commons-cli-1.2.jar:/home/asakusa/.m2/repository/xmlenc/xmlenc/0.52/xmlenc-0.52.jar:/home/asakusa/.m2/repository/commons-httpclient/commons-httpclient/3.1/commons-httpclient-3.1.jar:/home/asakusa/.m2/repository/commons-codec/commons-codec/1.4/commons-codec-1.4.jar:/home/asakusa/.m2/repository/commons-net/commons-net/1.4.1/commons-net-1.4.1.jar:/home/asakusa/.m2/repository/org/mortbay/jetty/jetty/6.1.26/jetty-6.1.26.jar:/home/asakusa/.m2/repository/org/mortbay/jetty/servlet-api/2.5-20081211/servlet-api-2.5-20081211.jar:/home/asakusa/.m2/repository/org/mortbay/jetty/jetty-util/6.1.26/jetty-util-6.1.26.jar:/home/asakusa/.m2/repository/tomcat/jasper-runtime/5.5.23/jasper-runtime-5.5.23.jar:/home/asakusa/.m2/repository/tomcat/jasper-compiler/5.5.23/jasper-compiler-5.5.23.jar:/home/asakusa/.m2/repository/javax/servlet/jsp-api/2.0/jsp-api-2.0.jar:/home/asakusa/.m2/repository/ant/ant/1.6.5/ant-1.6.5.jar:/home/asakusa/.m2/repository/org/codehaus/jackson/jackson-core-asl/1.5.2/jackson-core-asl-1.5.2.jar:/home/asakusa/.m2/repository/org/codehaus/jackson/jackson-mapper-asl/1.5.2/jackson-mapper-asl-1.5.2.jar:/home/asakusa/.m2/repository/javax/servlet/jsp/jsp-api/2.1/jsp-api-2.1.jar:/home/asakusa/.m2/repository/commons-el/commons-el/1.0/commons-el-1.0.jar:/home/asakusa/.m2/repository/net/java/dev/jets3t/jets3t/0.6.1/jets3t-0.6.1.jar:/home/asakusa/.m2/repository/javax/servlet/servlet-api/2.5/servlet-api-2.5.jar:/home/asakusa/.m2/repository/hsqldb/hsqldb/1.8.0.7/hsqldb-1.8.0.7.jar:/home/asakusa/.m2/repository/oro/oro/2.0.8/oro-2.0.8.jar:/home/asakusa/.m2/repository/org/eclipse/jdt/core/3.1.1/core-3.1.1.jar:/home/asakusa/.m2/repository/com/asakusafw/asakusa-dsl-vocabulary/0.2.3/asakusa-dsl-vocabulary-0.2.3.jar:/home/asakusa/.m2/repository/com/asakusafw/asakusa-runtime/0.2.3/asakusa-runtime-0.2.3.jar:/home/asakusa/.m2/repository/com/asakusafw/ashigel-compiler/0.2.3/ashigel-compiler-0.2.3.jar:/home/asakusa/.m2/repository/com/ashigeru/util/collection/0.1.0/collection-0.1.0.jar:/home/asakusa/.m2/repository/com/ashigeru/util/simple-graph/0.1.0/simple-graph-0.1.0.jar:/home/asakusa/.m2/repository/com/ashigeru/lang/java/jsr269-bridge/0.1.0/jsr269-bridge-0.1.0.jar:/home/asakusa/.m2/repository/com/ashigeru/lang/java/java-dom/0.1.0/java-dom-0.1.0.jar:/home/asakusa/.m2/repository/com/ashigeru/lang/java/javadoc-parser/0.1.0/javadoc-parser-0.1.0.jar:/home/asakusa/.m2/repository/org/slf4j/slf4j-api/1.6.1/slf4j-api-1.6.1.jar:/home/asakusa/.m2/repository/com/asakusafw/asakusa-test-driver/0.2.3/asakusa-test-driver-0.2.3.jar:/home/asakusa/.m2/repository/com/asakusafw/asakusa-test-tools/0.2.3/asakusa-test-tools-0.2.3.jar:/home/asakusa/.m2/repository/com/asakusafw/asakusa-thundergate-dmdl/0.2.3/asakusa-thundergate-dmdl-0.2.3.jar:/home/asakusa/.m2/repository/com/asakusafw/asakusa-dmdl-java/0.2.3/asakusa-dmdl-java-0.2.3.jar:/home/asakusa/.m2/repository/com/asakusafw/asakusa-test-moderator/0.2.3/asakusa-test-moderator-0.2.3.jar:/home/asakusa/.m2/repository/com/asakusafw/asakusa-test-data-provider/0.2.3/asakusa-test-data-provider-0.2.3.jar:/home/asakusa/.m2/repository/com/google/code/gson/gson/1.7.1/gson-1.7.1.jar:/home/asakusa/.m2/repository/commons-io/commons-io/2.0.1/commons-io-2.0.1.jar:/home/asakusa/.m2/repository/com/asakusafw/ashigel-compiler-bootstrap/0.2.3/ashigel-compiler-bootstrap-0.2.3.jar:/home/asakusa/.m2/repository/com/asakusafw/asakusa-model-generator/0.2.3/asakusa-model-generator-0.2.3.jar:/home/asakusa/.m2/repository/com/ashigeru/lang/java/jsr199-testing/0.1.0/jsr199-testing-0.1.0.jar:/home/asakusa/.m2/repository/com/asakusafw/asakusa-thundergate-vocabulary/0.2.3/asakusa-thundergate-vocabulary-0.2.3.jar:/home/asakusa/.m2/repository/com/asakusafw/asakusa-thundergate-runtime/0.2.3/asakusa-thundergate-runtime-0.2.3.jar:/home/asakusa/.m2/repository/com/asakusafw/asakusa-thundergate-plugin/0.2.3/asakusa-thundergate-plugin-0.2.3.jar:/home/asakusa/.m2/repository/com/asakusafw/asakusa-distribution/0.2.3/asakusa-distribution-0.2.3-dev-exclude-lib.jar:/home/asakusa/.m2/repository/com/asakusafw/asakusa-windgate-bootstrap/0.2.3/asakusa-windgate-bootstrap-0.2.3.jar:/home/asakusa/.m2/repository/com/asakusafw/asakusa-windgate-core/0.2.3/asakusa-windgate-core-0.2.3.jar:/home/asakusa/.m2/repository/com/asakusafw/asakusa-windgate-hadoopfs/0.2.3/asakusa-windgate-hadoopfs-0.2.3.jar:/home/asakusa/.m2/repository/com/jcraft/jsch/0.1.44-1/jsch-0.1.44-1.jar:/home/asakusa/.m2/repository/com/asakusafw/asakusa-windgate-jdbc/0.2.3/asakusa-windgate-jdbc-0.2.3.jar:/home/asakusa/.m2/repository/com/asakusafw/asakusa-yaess-bootstrap/0.2.3/asakusa-yaess-bootstrap-0.2.3.jar:/home/asakusa/.m2/repository/com/asakusafw/asakusa-yaess-core/0.2.3/asakusa-yaess-core-0.2.3.jar:/home/asakusa/.m2/repository/com/asakusafw/asakusa-yaess-jsch/0.2.3/asakusa-yaess-jsch-0.2.3.jar:/home/asakusa/.m2/repository/com/asakusafw/asakusa-yaess-paralleljob/0.2.3/asakusa-yaess-paralleljob-0.2.3.jar:/home/asakusa/.m2/repository/com/asakusafw/asakusa-yaess-tools/0.2.3/asakusa-yaess-tools-0.2.3.jar:/home/asakusa/.m2/repository/com/asakusafw/asakusa-cleaner/0.2.3/asakusa-cleaner-0.2.3.jar:/home/asakusa/.m2/repository/commons-lang/commons-lang/2.6/commons-lang-2.6.jar:/home/asakusa/.m2/repository/log4j/log4j/1.2.15/log4j-1.2.15.jar:/home/asakusa/.m2/repository/javax/mail/mail/1.4/mail-1.4.jar:/home/asakusa/.m2/repository/javax/activation/activation/1.1/activation-1.1.jar:/home/asakusa/.m2/repository/com/asakusafw/asakusa-thundergate/0.2.3/asakusa-thundergate-0.2.3.jar:/home/asakusa/.m2/repository/com/asakusafw/asakusa-thundergate-test-moderator/0.2.3/asakusa-thundergate-test-moderator-0.2.3.jar:/home/asakusa/.m2/repository/com/asakusafw/asakusa-test-data-generator/0.2.3/asakusa-test-data-generator-0.2.3.jar:/home/asakusa/.m2/repository/com/asakusafw/asakusa-dmdl-core/0.2.3/asakusa-dmdl-core-0.2.3.jar:/home/asakusa/.m2/repository/org/apache/poi/poi/3.6/poi-3.6.jar:/home/asakusa/.m2/repository/com/asakusafw/asakusa-yaess-plugin/0.2.3/asakusa-yaess-plugin-0.2.3.jar:/home/asakusa/.m2/repository/mysql/mysql-connector-java/5.1.16/mysql-connector-java-5.1.16.jar:/home/asakusa/.m2/repository/ch/qos/logback/logback-classic/0.9.28/logback-classic-0.9.28.jar:/home/asakusa/.m2/repository/ch/qos/logback/logback-core/0.9.28/logback-core-0.9.28.jar:/home/asakusa/.m2/repository/commons-logging/commons-logging/1.0.4/commons-logging-1.0.4.jar:/home/asakusa/.m2/repository/org/hamcrest/hamcrest-library/1.1/hamcrest-library-1.1.jar:/home/asakusa/.m2/repository/org/hamcrest/hamcrest-core/1.1/hamcrest-core-1.1.jar:/home/asakusa/.m2/repository/junit/junit-dep/4.8.2/junit-dep-4.8.2.jar:"/>
    <property name="java.vm.specification.version" value="1.0"/>
    <property name="sun.arch.data.model" value="64"/>
    <property name="java.home" value="/usr/java/jdk1.6.0_27/jre"/>
    <property name="sun.java.command" value="/home/asakusa/ws_hadoop1/afw-wordcount/target/surefire/surefirebooter114942616199668543.jar /home/asakusa/ws_hadoop1/afw-wordcount/target/surefire/surefire1603161970940714136tmp /home/asakusa/ws_hadoop1/afw-wordcount/target/surefire/surefire2185254290101575411tmp"/>
    <property name="java.specification.vendor" value="Sun Microsystems Inc."/>
    <property name="user.language" value="ja"/>
    <property name="java.vm.info" value="mixed mode"/>
    <property name="java.version" value="1.6.0_27"/>
    <property name="java.ext.dirs" value="/usr/java/jdk1.6.0_27/jre/lib/ext:/usr/java/packages/lib/ext"/>
    <property name="sun.boot.class.path" value="/usr/java/jdk1.6.0_27/jre/lib/resources.jar:/usr/java/jdk1.6.0_27/jre/lib/rt.jar:/usr/java/jdk1.6.0_27/jre/lib/sunrsasign.jar:/usr/java/jdk1.6.0_27/jre/lib/jsse.jar:/usr/java/jdk1.6.0_27/jre/lib/jce.jar:/usr/java/jdk1.6.0_27/jre/lib/charsets.jar:/usr/java/jdk1.6.0_27/jre/lib/modules/jdk.boot.jar:/usr/java/jdk1.6.0_27/jre/classes"/>
    <property name="java.vendor" value="Sun Microsystems Inc."/>
    <property name="localRepository" value="/home/asakusa/.m2/repository"/>
    <property name="file.separator" value="/"/>
    <property name="java.vendor.url.bug" value="http://java.sun.com/cgi-bin/bugreport.cgi"/>
    <property name="sun.cpu.endian" value="little"/>
    <property name="sun.io.unicode.encoding" value="UnicodeLittle"/>
    <property name="sun.desktop" value="gnome"/>
    <property name="sun.cpu.isalist" value=""/>
  </properties>
  <testcase time="10.429" classname="example1.afw.jobflow.WordCountJobFlowTest" name="testExample"/>
</testsuite>